
> temp-app@0.1.0 build
> next build

Γû▓ Next.js 16.1.6 (Turbopack)

  Creating an optimized production build ...
node.exe : 
At C:\Program Files\nod
ejs\npm.ps1:29 char:3
+   & $NODE_EXE 
$NPM_CLI_JS $args
+   ~~~~~~~~~~~~~~~~~~~
~~~~~~~~~~
    + CategoryInfo     
         : NotSpecifi  
  ed: (:String) [],    
 RemoteException
    + FullyQualifiedEr 
   rorId : NativeComm  
  andError
 
> Build error occurred
Error: Turbopack build 
failed with 2 errors:
./src/app/contact/page.
tsx:8:1
Module not found: 
Can't resolve 
'@/components/ui/input'
[0m [90m  6 |[39m 
[36mimport[39m { 
portfolioData } 
[36mfrom[39m [32m"@/
lib/portfolio-data"[39
m[33m;[39m
 [90m  7 |[39m 
[36mimport[39m { 
[33mButton[39m } 
[36mfrom[39m [32m"@/
components/ui/button"[
39m[33m;[39m
[31m[1m>[22m[39m[9
0m  8 |[39m 
[36mimport[39m { 
[33mInput[39m } 
[36mfrom[39m [32m"@/
components/ui/input"[3
9m[33m;[39m
 [90m    |[39m [31m
[1m^[22m[39m[31m[1m
^[22m[39m[31m[1m^[
22m[39m[31m[1m^[22m
[39m[31m[1m^[22m[3
9m[31m[1m^[22m[39m
[31m[1m^[22m[39m[31
m[1m^[22m[39m[31m[
1m^[22m[39m[31m[1m^
[22m[39m[31m[1m^[2
2m[39m[31m[1m^[22m
[39m[31m[1m^[22m[39
m[31m[1m^[22m[39m[
31m[1m^[22m[39m[31m
[1m^[22m[39m[31m[1
m^[22m[39m[31m[1m^
[22m[39m[31m[1m^[22
m[39m[31m[1m^[22m[
39m[31m[1m^[22m[39m
[31m[1m^[22m[39m[3
1m[1m^[22m[39m[31m
[1m^[22m[39m[31m[1m
^[22m[39m[31m[1m^[
22m[39m[31m[1m^[22m
[39m[31m[1m^[22m[3
9m[31m[1m^[22m[39m
[31m[1m^[22m[39m[31
m[1m^[22m[39m[31m[
1m^[22m[39m[31m[1m^
[22m[39m[31m[1m^[2
2m[39m[31m[1m^[22m
[39m[31m[1m^[22m[39
m[31m[1m^[22m[39m[
31m[1m^[22m[39m[31m
[1m^[22m[39m[31m[1
m^[22m[39m[31m[1m^
[22m[39m[31m[1m^[22
m[39m[31m[1m^[22m[
39m[31m[1m^[22m[39m
[31m[1m^[22m[39m[3
1m[1m^[22m[39m
 [90m  9 |[39m 
[36mimport[39m { 
[33mTextarea[39m } 
[36mfrom[39m [32m"@/
components/ui/textarea"
[39m[33m;[39m
 [90m 10 |[39m 
[36mimport[39m { 
[33mFadeIn[39m } 
[36mfrom[39m [32m"@/
components/ui/magic-ui/
fade-in"[39m[33m;[39
m
 [90m 11 |[39m[0m

Import map: aliased to 
relative './src/compone
nts/ui/input' inside 
of [project]/


Import traces:
  Client Component 
Browser:
    ./src/app/contact/p
age.tsx [Client 
Component Browser]
    ./src/app/contact/p
age.tsx [Server 
Component]

  Client Component SSR:
    ./src/app/contact/p
age.tsx [Client 
Component SSR]
    ./src/app/contact/p
age.tsx [Server 
Component]

https://nextjs.org/docs
/messages/module-not-fo
und


./src/app/contact/page.
tsx:9:1
Module not found: 
Can't resolve '@/compon
ents/ui/textarea'
[0m [90m  7 |[39m 
[36mimport[39m { 
[33mButton[39m } 
[36mfrom[39m [32m"@/
components/ui/button"[
39m[33m;[39m
 [90m  8 |[39m 
[36mimport[39m { 
[33mInput[39m } 
[36mfrom[39m [32m"@/
components/ui/input"[3
9m[33m;[39m
[31m[1m>[22m[39m[9
0m  9 |[39m 
[36mimport[39m { 
[33mTextarea[39m } 
[36mfrom[39m [32m"@/
components/ui/textarea"
[39m[33m;[39m
 [90m    |[39m [31m
[1m^[22m[39m[31m[1m
^[22m[39m[31m[1m^[
22m[39m[31m[1m^[22m
[39m[31m[1m^[22m[3
9m[31m[1m^[22m[39m
[31m[1m^[22m[39m[31
m[1m^[22m[39m[31m[
1m^[22m[39m[31m[1m^
[22m[39m[31m[1m^[2
2m[39m[31m[1m^[22m
[39m[31m[1m^[22m[39
m[31m[1m^[22m[39m[
31m[1m^[22m[39m[31m
[1m^[22m[39m[31m[1
m^[22m[39m[31m[1m^
[22m[39m[31m[1m^[22
m[39m[31m[1m^[22m[
39m[31m[1m^[22m[39m
[31m[1m^[22m[39m[3
1m[1m^[22m[39m[31m
[1m^[22m[39m[31m[1m
^[22m[39m[31m[1m^[
22m[39m[31m[1m^[22m
[39m[31m[1m^[22m[3
9m[31m[1m^[22m[39m
[31m[1m^[22m[39m[31
m[1m^[22m[39m[31m[
1m^[22m[39m[31m[1m^
[22m[39m[31m[1m^[2
2m[39m[31m[1m^[22m
[39m[31m[1m^[22m[39
m[31m[1m^[22m[39m[
31m[1m^[22m[39m[31m
[1m^[22m[39m[31m[1
m^[22m[39m[31m[1m^
[22m[39m[31m[1m^[22
m[39m[31m[1m^[22m[
39m[31m[1m^[22m[39m
[31m[1m^[22m[39m[3
1m[1m^[22m[39m[31m
[1m^[22m[39m[31m[1m
^[22m[39m[31m[1m^[
22m[39m[31m[1m^[22m
[39m[31m[1m^[22m[3
9m[31m[1m^[22m[39m
 [90m 10 |[39m 
[36mimport[39m { 
[33mFadeIn[39m } 
[36mfrom[39m [32m"@/
components/ui/magic-ui/
fade-in"[39m[33m;[39
m
 [90m 11 |[39m
 [90m 12 |[39m 
[36mexport[39m 
[36mdefault[39m 
[36mfunction[39m [33
mContactPage[39m() 
{[0m

Import map: aliased to 
relative './src/compone
nts/ui/textarea' 
inside of [project]/


Import traces:
  Client Component 
Browser:
    ./src/app/contact/p
age.tsx [Client 
Component Browser]
    ./src/app/contact/p
age.tsx [Server 
Component]

  Client Component SSR:
    ./src/app/contact/p
age.tsx [Client 
Component SSR]
    ./src/app/contact/p
age.tsx [Server 
Component]

https://nextjs.org/docs
/messages/module-not-fo
und


    at <unknown> (./src
/app/contact/page.tsx:8
:1)
    at <unknown> (https
://nextjs.org/docs/mess
ages/module-not-found)
    at <unknown> (./src
/app/contact/page.tsx:9
:1)
    at <unknown> (https
://nextjs.org/docs/mess
ages/module-not-found)
